Determining if the pthread_create exist failed with the following output:
Change Dir: /home/johnsun/tcprelay/build/debug/CMakeFiles/CMakeTmp

Run Build Command:/usr/bin/make "cmTryCompileExec1977409085/fast"
/usr/bin/make -f CMakeFiles/cmTryCompileExec1977409085.dir/build.make CMakeFiles/cmTryCompileExec1977409085.dir/build
make[1]: Entering directory `/home/johnsun/tcprelay/build/debug/CMakeFiles/CMakeTmp'
/usr/bin/cmake -E cmake_progress_report /home/johnsun/tcprelay/build/debug/CMakeFiles/CMakeTmp/CMakeFiles 1
Building C object CMakeFiles/cmTryCompileExec1977409085.dir/CheckSymbolExists.c.o
/usr/bin/cc    -o CMakeFiles/cmTryCompileExec1977409085.dir/CheckSymbolExists.c.o   -c /home/johnsun/tcprelay/build/debug/CMakeFiles/CMakeTmp/CheckSymbolExists.c
Linking C executable cmTryCompileExec1977409085
/usr/bin/cmake -E cmake_link_script CMakeFiles/cmTryCompileExec1977409085.dir/link.txt --verbose=1
/usr/bin/cc       CMakeFiles/cmTryCompileExec1977409085.dir/CheckSymbolExists.c.o  -o cmTryCompileExec1977409085 -rdynamic 
CMakeFiles/cmTryCompileExec1977409085.dir/CheckSymbolExists.c.o: In function `main':
CheckSymbolExists.c:(.text+0x16): undefined reference to `pthread_create'
collect2: error: ld returned 1 exit status
make[1]: Leaving directory `/home/johnsun/tcprelay/build/debug/CMakeFiles/CMakeTmp'
make[1]: *** [cmTryCompileExec1977409085] Error 1
make: *** [cmTryCompileExec1977409085/fast] Error 2

File /home/johnsun/tcprelay/build/debug/CMakeFiles/CMakeTmp/CheckSymbolExists.c:
/* */
#include <pthread.h>

int main(int argc, char** argv)
{
  (void)argv;
#ifndef pthread_create
  return ((int*)(&pthread_create))[argc];
#else
  (void)argc;
  return 0;
#endif
}

Determining if the function pthread_create exists in the pthreads failed with the following output:
Change Dir: /home/johnsun/tcprelay/build/debug/CMakeFiles/CMakeTmp

Run Build Command:/usr/bin/make "cmTryCompileExec3267659435/fast"
/usr/bin/make -f CMakeFiles/cmTryCompileExec3267659435.dir/build.make CMakeFiles/cmTryCompileExec3267659435.dir/build
make[1]: Entering directory `/home/johnsun/tcprelay/build/debug/CMakeFiles/CMakeTmp'
/usr/bin/cmake -E cmake_progress_report /home/johnsun/tcprelay/build/debug/CMakeFiles/CMakeTmp/CMakeFiles 1
Building C object CMakeFiles/cmTryCompileExec3267659435.dir/CheckFunctionExists.c.o
/usr/bin/cc   -DCHECK_FUNCTION_EXISTS=pthread_create   -o CMakeFiles/cmTryCompileExec3267659435.dir/CheckFunctionExists.c.o   -c /usr/share/cmake-2.8/Modules/CheckFunctionExists.c
Linking C executable cmTryCompileExec3267659435
/usr/bin/cmake -E cmake_link_script CMakeFiles/cmTryCompileExec3267659435.dir/link.txt --verbose=1
/usr/bin/cc   -DCHECK_FUNCTION_EXISTS=pthread_create    CMakeFiles/cmTryCompileExec3267659435.dir/CheckFunctionExists.c.o  -o cmTryCompileExec3267659435 -rdynamic -lpthreads 
/usr/bin/ld: cannot find -lpthreads
collect2: error: ld returned 1 exit status
make[1]: Leaving directory `/home/johnsun/tcprelay/build/debug/CMakeFiles/CMakeTmp'
make[1]: *** [cmTryCompileExec3267659435] Error 1
make: *** [cmTryCompileExec3267659435/fast] Error 2


